My project/Library/Bee/Android/Prj/Mono2x/Gradle/launcher/build/intermediates/manifest_merge_blame_file/release/manifest-merger-blame-release-report.txt
1<?xml version="1.0" encoding="utf-8"?>
2<manifest xmlns:android="http://schemas.android.com/apk/res/android"
3    package="com.DefaultCompany.Myproject"
4    android:installLocation="preferExternal"
5    android:versionCode="1"
6    android:versionName="0.1" >
7
8    <uses-sdk
9        android:minSdkVersion="23"
9-->src/main/AndroidManifest.xml
10        android:targetSdkVersion="30" />
10-->src/main/AndroidManifest.xml
11
12    <supports-screens
12-->src/main/AndroidManifest.xml:4:3-163
13        android:anyDensity="true"
13-->src/main/AndroidManifest.xml:4:135-160
14        android:largeScreens="true"
14-->src/main/AndroidManifest.xml:4:78-105
15        android:normalScreens="true"
15-->src/main/AndroidManifest.xml:4:49-77
16        android:smallScreens="true"
16-->src/main/AndroidManifest.xml:4:21-48
17        android:xlargeScreens="true" />
17-->src/main/AndroidManifest.xml:4:106-134
18
19    <uses-permission android:name="android.permission.INTERNET" />
19-->[:unityLibrary] AndroidManifest.xml:11:5-67
19-->[:unityLibrary] AndroidManifest.xml:11:22-64
20
21    <uses-feature android:glEsVersion="0x00030000" />
21-->[:unityLibrary] AndroidManifest.xml:13:5-54
21-->[:unityLibrary] AndroidManifest.xml:13:19-51
22    <uses-feature
22-->[:unityLibrary] AndroidManifest.xml:14:5-16:36
23        android:name="android.hardware.touchscreen"
23-->[:unityLibrary] AndroidManifest.xml:15:9-52
24        android:required="false" />
24-->[:unityLibrary] AndroidManifest.xml:16:9-33
25    <uses-feature
25-->[:unityLibrary] AndroidManifest.xml:17:5-19:36
26        android:name="android.hardware.touchscreen.multitouch"
26-->[:unityLibrary] AndroidManifest.xml:18:9-63
27        android:required="false" />
27-->[:unityLibrary] AndroidManifest.xml:19:9-33
28    <uses-feature
28-->[:unityLibrary] AndroidManifest.xml:20:5-22:36
29        android:name="android.hardware.touchscreen.multitouch.distinct"
29-->[:unityLibrary] AndroidManifest.xml:21:9-72
30        android:required="false" />
30-->[:unityLibrary] AndroidManifest.xml:22:9-33
31    <uses-feature
31-->[:unityLibrary] AndroidManifest.xml:23:5-26:31
32        android:name="android.hardware.vr.headtracking"
32-->[:unityLibrary] AndroidManifest.xml:24:9-56
33        android:required="true"
33-->[:unityLibrary] AndroidManifest.xml:25:9-32
34        android:version="1" />
34-->[:unityLibrary] AndroidManifest.xml:26:9-28
35
36    <application
36-->src/main/AndroidManifest.xml:3:3-83
37        android:extractNativeLibs="true"
37-->[:unityLibrary] AndroidManifest.xml:28:18-50
38        android:icon="@mipmap/app_icon"
38-->src/main/AndroidManifest.xml:3:49-80
39        android:label="@string/app_name" >
39-->src/main/AndroidManifest.xml:3:16-48
40        <meta-data
40-->[:unityLibrary] AndroidManifest.xml:29:9-31:33
41            android:name="unity.splash-mode"
41-->[:unityLibrary] AndroidManifest.xml:30:13-45
42            android:value="0" />
42-->[:unityLibrary] AndroidManifest.xml:31:13-30
43        <meta-data
43-->[:unityLibrary] AndroidManifest.xml:32:9-34:36
44            android:name="unity.splash-enable"
44-->[:unityLibrary] AndroidManifest.xml:33:13-47
45            android:value="True" />
45-->[:unityLibrary] AndroidManifest.xml:34:13-33
46        <meta-data
46-->[:unityLibrary] AndroidManifest.xml:35:9-37:36
47            android:name="unity.launch-fullscreen"
47-->[:unityLibrary] AndroidManifest.xml:36:13-51
48            android:value="True" />
48-->[:unityLibrary] AndroidManifest.xml:37:13-33
49        <meta-data
49-->[:unityLibrary] AndroidManifest.xml:38:9-40:37
50            android:name="unity.allow-resizable-window"
50-->[:unityLibrary] AndroidManifest.xml:39:13-56
51            android:value="False" />
51-->[:unityLibrary] AndroidManifest.xml:40:13-34
52        <meta-data
52-->[:unityLibrary] AndroidManifest.xml:41:9-43:50
53            android:name="notch.config"
53-->[:unityLibrary] AndroidManifest.xml:42:13-40
54            android:value="portrait|landscape" />
54-->[:unityLibrary] AndroidManifest.xml:43:13-47
55        <meta-data
55-->[:unityLibrary] AndroidManifest.xml:44:9-46:36
56            android:name="unity.auto-report-fully-drawn"
56-->[:unityLibrary] AndroidManifest.xml:45:13-57
57            android:value="true" />
57-->[:unityLibrary] AndroidManifest.xml:46:13-33
58
59        <activity
59-->[:unityLibrary] AndroidManifest.xml:48:9-73:20
60            android:name="com.unity3d.player.UnityPlayerActivity"
60-->[:unityLibrary] AndroidManifest.xml:49:13-66
61            android:configChanges="keyboard|keyboardHidden|navigation|orientation|screenLayout|screenSize|uiMode"
61-->[:unityLibrary] AndroidManifest.xml:50:13-114
62            android:hardwareAccelerated="false"
62-->[:unityLibrary] AndroidManifest.xml:51:13-48
63            android:launchMode="singleTask"
63-->[:unityLibrary] AndroidManifest.xml:52:13-44
64            android:resizeableActivity="false"
64-->[:unityLibrary] AndroidManifest.xml:53:13-47
65            android:screenOrientation="landscape"
65-->[:unityLibrary] AndroidManifest.xml:54:13-50
66            android:theme="@android:style/Theme.Black.NoTitleBar.Fullscreen" >
66-->[:unityLibrary] AndroidManifest.xml:55:13-77
67            <intent-filter>
67-->[:unityLibrary] AndroidManifest.xml:56:13-62:29
68                <category android:name="android.intent.category.LAUNCHER" />
68-->[:unityLibrary] AndroidManifest.xml:57:17-77
68-->[:unityLibrary] AndroidManifest.xml:57:27-74
69
70                <action android:name="android.intent.action.MAIN" />
70-->[:unityLibrary] AndroidManifest.xml:59:17-69
70-->[:unityLibrary] AndroidManifest.xml:59:25-66
71
72                <category android:name="com.oculus.intent.category.VR" />
72-->[:unityLibrary] AndroidManifest.xml:61:17-74
72-->[:unityLibrary] AndroidManifest.xml:61:27-71
73            </intent-filter>
74
75            <meta-data
75-->[:unityLibrary] AndroidManifest.xml:64:13-66:40
76                android:name="unityplayer.UnityActivity"
76-->[:unityLibrary] AndroidManifest.xml:65:17-57
77                android:value="true" />
77-->[:unityLibrary] AndroidManifest.xml:66:17-37
78            <meta-data
78-->[:unityLibrary] AndroidManifest.xml:67:13-69:40
79                android:name="notch_support"
79-->[:unityLibrary] AndroidManifest.xml:68:17-45
80                android:value="true" />
80-->[:unityLibrary] AndroidManifest.xml:69:17-37
81            <meta-data
81-->[:unityLibrary] AndroidManifest.xml:70:13-72:40
82                android:name="com.oculus.vr.focusaware"
82-->[:unityLibrary] AndroidManifest.xml:71:17-56
83                android:value="true" />
83-->[:unityLibrary] AndroidManifest.xml:72:17-37
84        </activity>
85
86        <meta-data
86-->[:unityLibrary] AndroidManifest.xml:75:9-77:39
87            android:name="com.samsung.android.vr.application.mode"
87-->[:unityLibrary] AndroidManifest.xml:76:13-67
88            android:value="vr_only" />
88-->[:unityLibrary] AndroidManifest.xml:77:13-36
89        <meta-data
89-->[:unityLibrary] AndroidManifest.xml:78:9-80:37
90            android:name="com.unity.xr.oculus.LowOverheadMode"
90-->[:unityLibrary] AndroidManifest.xml:79:13-63
91            android:value="false" />
91-->[:unityLibrary] AndroidManifest.xml:80:13-34
92        <meta-data
92-->[:unityLibrary] AndroidManifest.xml:81:9-83:37
93            android:name="com.unity.xr.oculus.LateLatching"
93-->[:unityLibrary] AndroidManifest.xml:82:13-60
94            android:value="false" />
94-->[:unityLibrary] AndroidManifest.xml:83:13-34
95        <meta-data
95-->[:unityLibrary] AndroidManifest.xml:84:9-86:37
96            android:name="com.unity.xr.oculus.LateLatchingDebug"
96-->[:unityLibrary] AndroidManifest.xml:85:13-65
97            android:value="false" />
97-->[:unityLibrary] AndroidManifest.xml:86:13-34
98        <meta-data
98-->[:unityLibrary] AndroidManifest.xml:87:9-89:38
99            android:name="com.oculus.supportedDevices"
99-->[:unityLibrary] AndroidManifest.xml:88:13-55
100            android:value="quest2" />
100-->[:unityLibrary] AndroidManifest.xml:89:13-35
101    </application>
102
103</manifest>